2025-01-28 16:49:58.145 | INFO     | utils.utils_logger:<module>:38 - Logging to file: logs\project_log.log
2025-01-28 16:49:58.149 | INFO     | __main__:<module>:68 - Project root: C:\Projects\buzzline-03-valjohnson
2025-01-28 16:49:58.149 | INFO     | __main__:<module>:72 - Data folder: C:\Projects\buzzline-03-valjohnson\data
2025-01-28 16:49:58.150 | INFO     | __main__:<module>:76 - Data file: C:\Projects\buzzline-03-valjohnson\data\buzz.json
2025-01-28 16:49:58.150 | INFO     | __main__:main:136 - START producer.
2025-01-28 16:49:58.150 | INFO     | utils.utils_producer:get_zookeeper_address:57 - Zookeeper address: localhost:2181
2025-01-28 16:49:58.166 | INFO     | utils.utils_producer:check_zookeeper_service_is_ready:79 - Zookeeper is ready at localhost:2181.
2025-01-28 16:49:58.167 | INFO     | utils.utils_producer:get_kafka_broker_address:50 - Kafka broker address: localhost:9092
2025-01-28 16:49:58.510 | INFO     | utils.utils_producer:check_kafka_service_is_ready:98 - Kafka is ready. Brokers: {'throttle_time_ms': 0, 'brokers': [{'node_id': 1001, 'host': 'localhost', 'port': 9092, 'rack': None}], 'cluster_id': 'a3IHpPA0RviQhxeu5trKBg', 'controller_id': 1001}
2025-01-28 16:49:58.512 | INFO     | __main__:get_kafka_topic:50 - Kafka topic: buzzline_json
2025-01-28 16:49:58.514 | INFO     | __main__:get_message_interval:57 - Message interval: 1 seconds
2025-01-28 16:49:58.514 | INFO     | utils.utils_producer:get_kafka_broker_address:50 - Kafka broker address: localhost:9092
2025-01-28 16:49:58.515 | INFO     | utils.utils_producer:create_kafka_producer:146 - Connecting to Kafka broker at localhost:9092...
2025-01-28 16:49:58.627 | INFO     | utils.utils_producer:create_kafka_producer:151 - Kafka producer successfully created.
2025-01-28 16:49:58.627 | INFO     | utils.utils_producer:get_kafka_broker_address:50 - Kafka broker address: localhost:9092
2025-01-28 16:49:58.952 | INFO     | utils.utils_producer:create_kafka_topic:176 - Creating 'buzzline_json'.
2025-01-28 16:49:59.293 | INFO     | utils.utils_producer:create_kafka_topic:181 - Topic 'buzzline_json' created successfully.
2025-01-28 16:49:59.294 | INFO     | __main__:main:159 - Kafka topic 'buzzline_json' is ready.
2025-01-28 16:49:59.295 | INFO     | __main__:main:165 - Starting message production to topic 'buzzline_json'...
2025-01-28 16:49:59.296 | INFO     | __main__:generate_messages:95 - Opening data file in read mode: C:\Projects\buzzline-03-valjohnson\data\buzz.json
2025-01-28 16:49:59.297 | INFO     | __main__:generate_messages:97 - Reading data from file: C:\Projects\buzzline-03-valjohnson\data\buzz.json
2025-01-28 16:49:59.314 | INFO     | __main__:main:170 - Sent message to topic 'buzzline_json': {'message': 'Data engineering is my passion.', 'author': 'Eve'}
2025-01-28 16:50:00.317 | INFO     | __main__:main:170 - Sent message to topic 'buzzline_json': {'message': 'Distributed systems are fascinating.', 'author': 'Alice'}
2025-01-28 16:50:01.323 | INFO     | __main__:main:170 - Sent message to topic 'buzzline_json': {'message': 'Have a great day!', 'author': 'Charlie'}
2025-01-28 16:50:02.328 | INFO     | __main__:main:170 - Sent message to topic 'buzzline_json': {'message': 'Data engineering is my passion.', 'author': 'Alice'}
2025-01-28 16:50:03.332 | INFO     | __main__:main:170 - Sent message to topic 'buzzline_json': {'message': 'Distributed systems are fascinating.', 'author': 'Diana'}
2025-01-28 16:50:04.336 | INFO     | __main__:main:170 - Sent message to topic 'buzzline_json': {'message': 'Buzz messages for everyone.', 'author': 'Alice'}
2025-01-28 16:50:05.342 | INFO     | __main__:main:170 - Sent message to topic 'buzzline_json': {'message': 'Hello, Kafka world!', 'author': 'Diana'}
2025-01-28 16:50:06.346 | INFO     | __main__:main:170 - Sent message to topic 'buzzline_json': {'message': 'This is a buzz message.', 'author': 'Eve'}
2025-01-28 16:50:07.349 | INFO     | __main__:main:170 - Sent message to topic 'buzzline_json': {'message': 'JSON makes life easier.', 'author': 'Eve'}
2025-01-28 16:50:08.351 | INFO     | __main__:main:170 - Sent message to topic 'buzzline_json': {'message': 'JSON makes life easier.', 'author': 'Alice'}
2025-01-28 16:50:09.357 | INFO     | __main__:main:170 - Sent message to topic 'buzzline_json': {'message': 'Data engineering is my passion.', 'author': 'Diana'}
2025-01-28 16:50:10.361 | INFO     | __main__:main:170 - Sent message to topic 'buzzline_json': {'message': 'JSON makes life easier.', 'author': 'Diana'}
2025-01-28 16:50:11.363 | INFO     | __main__:main:170 - Sent message to topic 'buzzline_json': {'message': 'Kafka is awesome.', 'author': 'Charlie'}
2025-01-28 16:50:12.366 | INFO     | __main__:main:170 - Sent message to topic 'buzzline_json': {'message': 'JSON makes life easier.', 'author': 'Bob'}
2025-01-28 16:50:13.370 | INFO     | __main__:main:170 - Sent message to topic 'buzzline_json': {'message': 'I love Python!', 'author': 'Bob'}
2025-01-28 16:50:14.374 | INFO     | __main__:main:170 - Sent message to topic 'buzzline_json': {'message': 'This is a buzz message.', 'author': 'Eve'}
2025-01-28 16:50:15.379 | INFO     | __main__:main:170 - Sent message to topic 'buzzline_json': {'message': 'I love Python!', 'author': 'Eve'}
2025-01-28 16:50:16.384 | INFO     | __main__:main:170 - Sent message to topic 'buzzline_json': {'message': 'Buzz messages for everyone.', 'author': 'Alice'}
2025-01-28 16:50:17.392 | INFO     | __main__:main:170 - Sent message to topic 'buzzline_json': {'message': 'This is a buzz message.', 'author': 'Alice'}
2025-01-28 16:50:18.398 | INFO     | __main__:main:170 - Sent message to topic 'buzzline_json': {'message': 'Data engineering is my passion.', 'author': 'Diana'}
2025-01-28 16:50:19.402 | INFO     | __main__:main:170 - Sent message to topic 'buzzline_json': {'message': 'I love Python!', 'author': 'Eve'}
2025-01-28 16:50:20.408 | INFO     | __main__:main:170 - Sent message to topic 'buzzline_json': {'message': 'JSON makes life easier.', 'author': 'Charlie'}
2025-01-28 16:50:21.414 | INFO     | __main__:main:170 - Sent message to topic 'buzzline_json': {'message': 'Have a great day!', 'author': 'Bob'}
2025-01-28 16:50:22.419 | INFO     | __main__:main:170 - Sent message to topic 'buzzline_json': {'message': 'Data engineering is my passion.', 'author': 'Alice'}
2025-01-28 16:50:23.435 | INFO     | __main__:main:170 - Sent message to topic 'buzzline_json': {'message': 'Kafka is awesome.', 'author': 'Diana'}
2025-01-28 16:50:24.439 | INFO     | __main__:main:170 - Sent message to topic 'buzzline_json': {'message': 'Kafka is awesome.', 'author': 'Diana'}
2025-01-28 16:50:25.443 | INFO     | __main__:main:170 - Sent message to topic 'buzzline_json': {'message': 'Hello, Kafka world!', 'author': 'Bob'}
2025-01-28 16:50:26.446 | INFO     | __main__:main:170 - Sent message to topic 'buzzline_json': {'message': 'Distributed systems are fascinating.', 'author': 'Diana'}
2025-01-28 16:50:27.451 | INFO     | __main__:main:170 - Sent message to topic 'buzzline_json': {'message': 'I love Python!', 'author': 'Diana'}
2025-01-28 16:50:28.455 | INFO     | __main__:main:170 - Sent message to topic 'buzzline_json': {'message': 'Have a great day!', 'author': 'Alice'}
2025-01-28 16:50:29.460 | INFO     | __main__:main:170 - Sent message to topic 'buzzline_json': {'message': 'Hello, Kafka world!', 'author': 'Charlie'}
2025-01-28 16:50:30.464 | INFO     | __main__:main:170 - Sent message to topic 'buzzline_json': {'message': 'JSON makes life easier.', 'author': 'Diana'}
2025-01-28 16:50:31.467 | INFO     | __main__:main:170 - Sent message to topic 'buzzline_json': {'message': 'I love Python!', 'author': 'Bob'}
2025-01-28 16:50:32.469 | INFO     | __main__:main:170 - Sent message to topic 'buzzline_json': {'message': 'Have a great day!', 'author': 'Diana'}
2025-01-28 16:50:33.476 | INFO     | __main__:main:170 - Sent message to topic 'buzzline_json': {'message': 'Hello, Kafka world!', 'author': 'Alice'}
2025-01-28 16:50:34.480 | INFO     | __main__:main:170 - Sent message to topic 'buzzline_json': {'message': 'JSON makes life easier.', 'author': 'Alice'}
2025-01-28 16:50:35.485 | INFO     | __main__:main:170 - Sent message to topic 'buzzline_json': {'message': 'Buzz messages for everyone.', 'author': 'Charlie'}
2025-01-28 16:50:36.491 | INFO     | __main__:main:170 - Sent message to topic 'buzzline_json': {'message': 'Buzz messages for everyone.', 'author': 'Bob'}
2025-01-28 16:50:37.496 | INFO     | __main__:main:170 - Sent message to topic 'buzzline_json': {'message': 'Streaming data is fun.', 'author': 'Diana'}
2025-01-28 16:50:38.501 | INFO     | __main__:main:170 - Sent message to topic 'buzzline_json': {'message': 'Have a great day!', 'author': 'Diana'}
2025-01-28 16:50:39.506 | INFO     | __main__:main:170 - Sent message to topic 'buzzline_json': {'message': 'I love Python!', 'author': 'Alice'}
2025-01-28 16:50:40.513 | INFO     | __main__:main:170 - Sent message to topic 'buzzline_json': {'message': 'Streaming data is fun.', 'author': 'Charlie'}
2025-01-28 16:50:41.518 | INFO     | __main__:main:170 - Sent message to topic 'buzzline_json': {'message': 'Kafka is awesome.', 'author': 'Alice'}
2025-01-28 16:50:42.523 | INFO     | __main__:main:170 - Sent message to topic 'buzzline_json': {'message': 'Kafka is awesome.', 'author': 'Diana'}
2025-01-28 16:50:43.528 | INFO     | __main__:main:170 - Sent message to topic 'buzzline_json': {'message': 'Kafka is awesome.', 'author': 'Alice'}
2025-01-28 16:50:44.535 | INFO     | __main__:main:170 - Sent message to topic 'buzzline_json': {'message': 'JSON makes life easier.', 'author': 'Bob'}
2025-01-28 16:50:45.541 | INFO     | __main__:main:170 - Sent message to topic 'buzzline_json': {'message': 'This is a buzz message.', 'author': 'Bob'}
2025-01-28 16:50:46.548 | INFO     | __main__:main:170 - Sent message to topic 'buzzline_json': {'message': 'Streaming data is fun.', 'author': 'Diana'}
2025-01-28 16:50:47.555 | INFO     | __main__:main:170 - Sent message to topic 'buzzline_json': {'message': 'Have a great day!', 'author': 'Bob'}
2025-01-28 16:50:48.561 | INFO     | __main__:main:170 - Sent message to topic 'buzzline_json': {'message': 'This is a buzz message.', 'author': 'Eve'}
2025-01-28 16:50:49.565 | INFO     | __main__:main:170 - Sent message to topic 'buzzline_json': {'message': 'Hello, Kafka world!', 'author': 'Bob'}
2025-01-28 16:50:50.570 | INFO     | __main__:main:170 - Sent message to topic 'buzzline_json': {'message': 'This is a buzz message.', 'author': 'Alice'}
2025-01-28 16:50:51.575 | INFO     | __main__:main:170 - Sent message to topic 'buzzline_json': {'message': 'Streaming data is fun.', 'author': 'Eve'}
2025-01-28 16:50:51.925 | INFO     | utils.utils_logger:<module>:38 - Logging to file: logs\project_log.log
2025-01-28 16:50:51.934 | INFO     | __main__:main:124 - START consumer.
2025-01-28 16:50:51.934 | INFO     | __main__:get_kafka_topic:46 - Kafka topic: buzzline_json
2025-01-28 16:50:51.934 | INFO     | __main__:get_kafka_consumer_group_id:53 - Kafka consumer group id: buzz_group
2025-01-28 16:50:51.935 | INFO     | __main__:main:129 - Consumer: Topic 'buzzline_json' and group 'buzz_group'...
2025-01-28 16:50:51.935 | INFO     | utils.utils_producer:get_kafka_broker_address:50 - Kafka broker address: localhost:9092
2025-01-28 16:50:51.936 | INFO     | utils.utils_consumer:create_kafka_consumer:44 - Creating Kafka consumer. Topic='buzzline_json' and group ID='buzz_group'.
2025-01-28 16:50:52.057 | INFO     | utils.utils_consumer:create_kafka_consumer:59 - Kafka consumer created successfully.
2025-01-28 16:50:52.058 | INFO     | __main__:main:135 - Polling messages from topic 'buzzline_json'...
2025-01-28 16:50:52.580 | INFO     | __main__:main:170 - Sent message to topic 'buzzline_json': {'message': 'Kafka is awesome.', 'author': 'Alice'}
2025-01-28 16:50:53.583 | INFO     | __main__:main:170 - Sent message to topic 'buzzline_json': {'message': 'JSON makes life easier.', 'author': 'Bob'}
2025-01-28 16:50:53.645 | INFO     | __main__:process_message:89 - Processed JSON message: {'message': 'Data engineering is my passion.', 'author': 'Eve'}
2025-01-28 16:50:53.646 | INFO     | __main__:process_message:95 - Message received from author: Eve
2025-01-28 16:50:53.646 | INFO     | __main__:process_message:101 - Updated author counts: {'Eve': 1}
2025-01-28 16:50:53.648 | INFO     | __main__:process_message:89 - Processed JSON message: {'message': 'Distributed systems are fascinating.', 'author': 'Alice'}
2025-01-28 16:50:53.649 | INFO     | __main__:process_message:95 - Message received from author: Alice
2025-01-28 16:50:53.650 | INFO     | __main__:process_message:101 - Updated author counts: {'Eve': 1, 'Alice': 1}
2025-01-28 16:50:53.653 | INFO     | __main__:process_message:89 - Processed JSON message: {'message': 'Have a great day!', 'author': 'Charlie'}
2025-01-28 16:50:53.654 | INFO     | __main__:process_message:95 - Message received from author: Charlie
2025-01-28 16:50:53.654 | INFO     | __main__:process_message:101 - Updated author counts: {'Eve': 1, 'Alice': 1, 'Charlie': 1}
2025-01-28 16:50:53.657 | INFO     | __main__:process_message:89 - Processed JSON message: {'message': 'Data engineering is my passion.', 'author': 'Alice'}
2025-01-28 16:50:53.657 | INFO     | __main__:process_message:95 - Message received from author: Alice
2025-01-28 16:50:53.658 | INFO     | __main__:process_message:101 - Updated author counts: {'Eve': 1, 'Alice': 2, 'Charlie': 1}
2025-01-28 16:50:53.660 | INFO     | __main__:process_message:89 - Processed JSON message: {'message': 'Distributed systems are fascinating.', 'author': 'Diana'}
2025-01-28 16:50:53.661 | INFO     | __main__:process_message:95 - Message received from author: Diana
2025-01-28 16:50:53.662 | INFO     | __main__:process_message:101 - Updated author counts: {'Eve': 1, 'Alice': 2, 'Charlie': 1, 'Diana': 1}
2025-01-28 16:50:53.665 | INFO     | __main__:process_message:89 - Processed JSON message: {'message': 'Buzz messages for everyone.', 'author': 'Alice'}
2025-01-28 16:50:53.665 | INFO     | __main__:process_message:95 - Message received from author: Alice
2025-01-28 16:50:53.666 | INFO     | __main__:process_message:101 - Updated author counts: {'Eve': 1, 'Alice': 3, 'Charlie': 1, 'Diana': 1}
2025-01-28 16:50:53.670 | INFO     | __main__:process_message:89 - Processed JSON message: {'message': 'Hello, Kafka world!', 'author': 'Diana'}
2025-01-28 16:50:53.672 | INFO     | __main__:process_message:95 - Message received from author: Diana
2025-01-28 16:50:53.672 | INFO     | __main__:process_message:101 - Updated author counts: {'Eve': 1, 'Alice': 3, 'Charlie': 1, 'Diana': 2}
2025-01-28 16:50:53.674 | INFO     | __main__:process_message:89 - Processed JSON message: {'message': 'This is a buzz message.', 'author': 'Eve'}
2025-01-28 16:50:53.675 | INFO     | __main__:process_message:95 - Message received from author: Eve
2025-01-28 16:50:53.676 | INFO     | __main__:process_message:101 - Updated author counts: {'Eve': 2, 'Alice': 3, 'Charlie': 1, 'Diana': 2}
2025-01-28 16:50:53.679 | INFO     | __main__:process_message:89 - Processed JSON message: {'message': 'JSON makes life easier.', 'author': 'Eve'}
2025-01-28 16:50:53.680 | INFO     | __main__:process_message:95 - Message received from author: Eve
2025-01-28 16:50:53.680 | INFO     | __main__:process_message:101 - Updated author counts: {'Eve': 3, 'Alice': 3, 'Charlie': 1, 'Diana': 2}
2025-01-28 16:50:53.683 | INFO     | __main__:process_message:89 - Processed JSON message: {'message': 'JSON makes life easier.', 'author': 'Alice'}
2025-01-28 16:50:53.684 | INFO     | __main__:process_message:95 - Message received from author: Alice
2025-01-28 16:50:53.685 | INFO     | __main__:process_message:101 - Updated author counts: {'Eve': 3, 'Alice': 4, 'Charlie': 1, 'Diana': 2}
2025-01-28 16:50:53.688 | INFO     | __main__:process_message:89 - Processed JSON message: {'message': 'Data engineering is my passion.', 'author': 'Diana'}
2025-01-28 16:50:53.689 | INFO     | __main__:process_message:95 - Message received from author: Diana
2025-01-28 16:50:53.690 | INFO     | __main__:process_message:101 - Updated author counts: {'Eve': 3, 'Alice': 4, 'Charlie': 1, 'Diana': 3}
2025-01-28 16:50:53.693 | INFO     | __main__:process_message:89 - Processed JSON message: {'message': 'JSON makes life easier.', 'author': 'Diana'}
2025-01-28 16:50:53.694 | INFO     | __main__:process_message:95 - Message received from author: Diana
2025-01-28 16:50:53.694 | INFO     | __main__:process_message:101 - Updated author counts: {'Eve': 3, 'Alice': 4, 'Charlie': 1, 'Diana': 4}
2025-01-28 16:50:53.697 | INFO     | __main__:process_message:89 - Processed JSON message: {'message': 'Kafka is awesome.', 'author': 'Charlie'}
2025-01-28 16:50:53.698 | INFO     | __main__:process_message:95 - Message received from author: Charlie
2025-01-28 16:50:53.699 | INFO     | __main__:process_message:101 - Updated author counts: {'Eve': 3, 'Alice': 4, 'Charlie': 2, 'Diana': 4}
2025-01-28 16:50:53.701 | INFO     | __main__:process_message:89 - Processed JSON message: {'message': 'JSON makes life easier.', 'author': 'Bob'}
2025-01-28 16:50:53.702 | INFO     | __main__:process_message:95 - Message received from author: Bob
2025-01-28 16:50:53.703 | INFO     | __main__:process_message:101 - Updated author counts: {'Eve': 3, 'Alice': 4, 'Charlie': 2, 'Diana': 4, 'Bob': 1}
2025-01-28 16:50:53.707 | INFO     | __main__:process_message:89 - Processed JSON message: {'message': 'I love Python!', 'author': 'Bob'}
2025-01-28 16:50:53.708 | INFO     | __main__:process_message:95 - Message received from author: Bob
2025-01-28 16:50:53.709 | INFO     | __main__:process_message:101 - Updated author counts: {'Eve': 3, 'Alice': 4, 'Charlie': 2, 'Diana': 4, 'Bob': 2}
2025-01-28 16:50:53.712 | INFO     | __main__:process_message:89 - Processed JSON message: {'message': 'This is a buzz message.', 'author': 'Eve'}
2025-01-28 16:50:53.712 | INFO     | __main__:process_message:95 - Message received from author: Eve
2025-01-28 16:50:53.713 | INFO     | __main__:process_message:101 - Updated author counts: {'Eve': 4, 'Alice': 4, 'Charlie': 2, 'Diana': 4, 'Bob': 2}
2025-01-28 16:50:53.716 | INFO     | __main__:process_message:89 - Processed JSON message: {'message': 'I love Python!', 'author': 'Eve'}
2025-01-28 16:50:53.717 | INFO     | __main__:process_message:95 - Message received from author: Eve
2025-01-28 16:50:53.718 | INFO     | __main__:process_message:101 - Updated author counts: {'Eve': 5, 'Alice': 4, 'Charlie': 2, 'Diana': 4, 'Bob': 2}
2025-01-28 16:50:53.721 | INFO     | __main__:process_message:89 - Processed JSON message: {'message': 'Buzz messages for everyone.', 'author': 'Alice'}
2025-01-28 16:50:53.722 | INFO     | __main__:process_message:95 - Message received from author: Alice
2025-01-28 16:50:53.723 | INFO     | __main__:process_message:101 - Updated author counts: {'Eve': 5, 'Alice': 5, 'Charlie': 2, 'Diana': 4, 'Bob': 2}
2025-01-28 16:50:53.726 | INFO     | __main__:process_message:89 - Processed JSON message: {'message': 'This is a buzz message.', 'author': 'Alice'}
2025-01-28 16:50:53.726 | INFO     | __main__:process_message:95 - Message received from author: Alice
2025-01-28 16:50:53.727 | INFO     | __main__:process_message:101 - Updated author counts: {'Eve': 5, 'Alice': 6, 'Charlie': 2, 'Diana': 4, 'Bob': 2}
2025-01-28 16:50:53.729 | INFO     | __main__:process_message:89 - Processed JSON message: {'message': 'Data engineering is my passion.', 'author': 'Diana'}
2025-01-28 16:50:53.730 | INFO     | __main__:process_message:95 - Message received from author: Diana
2025-01-28 16:50:53.730 | INFO     | __main__:process_message:101 - Updated author counts: {'Eve': 5, 'Alice': 6, 'Charlie': 2, 'Diana': 5, 'Bob': 2}
2025-01-28 16:50:53.733 | INFO     | __main__:process_message:89 - Processed JSON message: {'message': 'I love Python!', 'author': 'Eve'}
2025-01-28 16:50:53.734 | INFO     | __main__:process_message:95 - Message received from author: Eve
2025-01-28 16:50:53.735 | INFO     | __main__:process_message:101 - Updated author counts: {'Eve': 6, 'Alice': 6, 'Charlie': 2, 'Diana': 5, 'Bob': 2}
2025-01-28 16:50:53.736 | INFO     | __main__:process_message:89 - Processed JSON message: {'message': 'JSON makes life easier.', 'author': 'Charlie'}
2025-01-28 16:50:53.737 | INFO     | __main__:process_message:95 - Message received from author: Charlie
2025-01-28 16:50:53.737 | INFO     | __main__:process_message:101 - Updated author counts: {'Eve': 6, 'Alice': 6, 'Charlie': 3, 'Diana': 5, 'Bob': 2}
2025-01-28 16:50:53.740 | INFO     | __main__:process_message:89 - Processed JSON message: {'message': 'Have a great day!', 'author': 'Bob'}
2025-01-28 16:50:53.741 | INFO     | __main__:process_message:95 - Message received from author: Bob
2025-01-28 16:50:53.741 | INFO     | __main__:process_message:101 - Updated author counts: {'Eve': 6, 'Alice': 6, 'Charlie': 3, 'Diana': 5, 'Bob': 3}
2025-01-28 16:50:53.743 | INFO     | __main__:process_message:89 - Processed JSON message: {'message': 'Data engineering is my passion.', 'author': 'Alice'}
2025-01-28 16:50:53.743 | INFO     | __main__:process_message:95 - Message received from author: Alice
2025-01-28 16:50:53.744 | INFO     | __main__:process_message:101 - Updated author counts: {'Eve': 6, 'Alice': 7, 'Charlie': 3, 'Diana': 5, 'Bob': 3}
2025-01-28 16:50:53.747 | INFO     | __main__:process_message:89 - Processed JSON message: {'message': 'Kafka is awesome.', 'author': 'Diana'}
2025-01-28 16:50:53.748 | INFO     | __main__:process_message:95 - Message received from author: Diana
2025-01-28 16:50:53.749 | INFO     | __main__:process_message:101 - Updated author counts: {'Eve': 6, 'Alice': 7, 'Charlie': 3, 'Diana': 6, 'Bob': 3}
2025-01-28 16:50:53.750 | INFO     | __main__:process_message:89 - Processed JSON message: {'message': 'Kafka is awesome.', 'author': 'Diana'}
2025-01-28 16:50:53.751 | INFO     | __main__:process_message:95 - Message received from author: Diana
2025-01-28 16:50:53.752 | INFO     | __main__:process_message:101 - Updated author counts: {'Eve': 6, 'Alice': 7, 'Charlie': 3, 'Diana': 7, 'Bob': 3}
2025-01-28 16:50:53.753 | INFO     | __main__:process_message:89 - Processed JSON message: {'message': 'Hello, Kafka world!', 'author': 'Bob'}
2025-01-28 16:50:53.754 | INFO     | __main__:process_message:95 - Message received from author: Bob
2025-01-28 16:50:53.754 | INFO     | __main__:process_message:101 - Updated author counts: {'Eve': 6, 'Alice': 7, 'Charlie': 3, 'Diana': 7, 'Bob': 4}
2025-01-28 16:50:53.756 | INFO     | __main__:process_message:89 - Processed JSON message: {'message': 'Distributed systems are fascinating.', 'author': 'Diana'}
2025-01-28 16:50:53.756 | INFO     | __main__:process_message:95 - Message received from author: Diana
2025-01-28 16:50:53.757 | INFO     | __main__:process_message:101 - Updated author counts: {'Eve': 6, 'Alice': 7, 'Charlie': 3, 'Diana': 8, 'Bob': 4}
2025-01-28 16:50:53.759 | INFO     | __main__:process_message:89 - Processed JSON message: {'message': 'I love Python!', 'author': 'Diana'}
2025-01-28 16:50:53.760 | INFO     | __main__:process_message:95 - Message received from author: Diana
2025-01-28 16:50:53.760 | INFO     | __main__:process_message:101 - Updated author counts: {'Eve': 6, 'Alice': 7, 'Charlie': 3, 'Diana': 9, 'Bob': 4}
2025-01-28 16:50:53.762 | INFO     | __main__:process_message:89 - Processed JSON message: {'message': 'Have a great day!', 'author': 'Alice'}
2025-01-28 16:50:53.763 | INFO     | __main__:process_message:95 - Message received from author: Alice
2025-01-28 16:50:53.763 | INFO     | __main__:process_message:101 - Updated author counts: {'Eve': 6, 'Alice': 8, 'Charlie': 3, 'Diana': 9, 'Bob': 4}
2025-01-28 16:50:53.765 | INFO     | __main__:process_message:89 - Processed JSON message: {'message': 'Hello, Kafka world!', 'author': 'Charlie'}
2025-01-28 16:50:53.765 | INFO     | __main__:process_message:95 - Message received from author: Charlie
2025-01-28 16:50:53.766 | INFO     | __main__:process_message:101 - Updated author counts: {'Eve': 6, 'Alice': 8, 'Charlie': 4, 'Diana': 9, 'Bob': 4}
2025-01-28 16:50:53.768 | INFO     | __main__:process_message:89 - Processed JSON message: {'message': 'JSON makes life easier.', 'author': 'Diana'}
2025-01-28 16:50:53.769 | INFO     | __main__:process_message:95 - Message received from author: Diana
2025-01-28 16:50:53.769 | INFO     | __main__:process_message:101 - Updated author counts: {'Eve': 6, 'Alice': 8, 'Charlie': 4, 'Diana': 10, 'Bob': 4}
2025-01-28 16:50:53.770 | INFO     | __main__:process_message:89 - Processed JSON message: {'message': 'I love Python!', 'author': 'Bob'}
2025-01-28 16:50:53.771 | INFO     | __main__:process_message:95 - Message received from author: Bob
2025-01-28 16:50:53.771 | INFO     | __main__:process_message:101 - Updated author counts: {'Eve': 6, 'Alice': 8, 'Charlie': 4, 'Diana': 10, 'Bob': 5}
2025-01-28 16:50:53.773 | INFO     | __main__:process_message:89 - Processed JSON message: {'message': 'Have a great day!', 'author': 'Diana'}
2025-01-28 16:50:53.774 | INFO     | __main__:process_message:95 - Message received from author: Diana
2025-01-28 16:50:53.775 | INFO     | __main__:process_message:101 - Updated author counts: {'Eve': 6, 'Alice': 8, 'Charlie': 4, 'Diana': 11, 'Bob': 5}
2025-01-28 16:50:53.778 | INFO     | __main__:process_message:89 - Processed JSON message: {'message': 'Hello, Kafka world!', 'author': 'Alice'}
2025-01-28 16:50:53.778 | INFO     | __main__:process_message:95 - Message received from author: Alice
2025-01-28 16:50:53.779 | INFO     | __main__:process_message:101 - Updated author counts: {'Eve': 6, 'Alice': 9, 'Charlie': 4, 'Diana': 11, 'Bob': 5}
2025-01-28 16:50:53.780 | INFO     | __main__:process_message:89 - Processed JSON message: {'message': 'JSON makes life easier.', 'author': 'Alice'}
2025-01-28 16:50:53.781 | INFO     | __main__:process_message:95 - Message received from author: Alice
2025-01-28 16:50:53.781 | INFO     | __main__:process_message:101 - Updated author counts: {'Eve': 6, 'Alice': 10, 'Charlie': 4, 'Diana': 11, 'Bob': 5}
2025-01-28 16:50:53.783 | INFO     | __main__:process_message:89 - Processed JSON message: {'message': 'Buzz messages for everyone.', 'author': 'Charlie'}
2025-01-28 16:50:53.783 | INFO     | __main__:process_message:95 - Message received from author: Charlie
2025-01-28 16:50:53.784 | INFO     | __main__:process_message:101 - Updated author counts: {'Eve': 6, 'Alice': 10, 'Charlie': 5, 'Diana': 11, 'Bob': 5}
2025-01-28 16:50:53.785 | INFO     | __main__:process_message:89 - Processed JSON message: {'message': 'Buzz messages for everyone.', 'author': 'Bob'}
2025-01-28 16:50:53.785 | INFO     | __main__:process_message:95 - Message received from author: Bob
2025-01-28 16:50:53.785 | INFO     | __main__:process_message:101 - Updated author counts: {'Eve': 6, 'Alice': 10, 'Charlie': 5, 'Diana': 11, 'Bob': 6}
2025-01-28 16:50:53.787 | INFO     | __main__:process_message:89 - Processed JSON message: {'message': 'Streaming data is fun.', 'author': 'Diana'}
2025-01-28 16:50:53.787 | INFO     | __main__:process_message:95 - Message received from author: Diana
2025-01-28 16:50:53.788 | INFO     | __main__:process_message:101 - Updated author counts: {'Eve': 6, 'Alice': 10, 'Charlie': 5, 'Diana': 12, 'Bob': 6}
2025-01-28 16:50:53.790 | INFO     | __main__:process_message:89 - Processed JSON message: {'message': 'Have a great day!', 'author': 'Diana'}
2025-01-28 16:50:53.791 | INFO     | __main__:process_message:95 - Message received from author: Diana
2025-01-28 16:50:53.792 | INFO     | __main__:process_message:101 - Updated author counts: {'Eve': 6, 'Alice': 10, 'Charlie': 5, 'Diana': 13, 'Bob': 6}
2025-01-28 16:50:53.794 | INFO     | __main__:process_message:89 - Processed JSON message: {'message': 'I love Python!', 'author': 'Alice'}
2025-01-28 16:50:53.795 | INFO     | __main__:process_message:95 - Message received from author: Alice
2025-01-28 16:50:53.795 | INFO     | __main__:process_message:101 - Updated author counts: {'Eve': 6, 'Alice': 11, 'Charlie': 5, 'Diana': 13, 'Bob': 6}
2025-01-28 16:50:53.799 | INFO     | __main__:process_message:89 - Processed JSON message: {'message': 'Streaming data is fun.', 'author': 'Charlie'}
2025-01-28 16:50:53.800 | INFO     | __main__:process_message:95 - Message received from author: Charlie
2025-01-28 16:50:53.800 | INFO     | __main__:process_message:101 - Updated author counts: {'Eve': 6, 'Alice': 11, 'Charlie': 6, 'Diana': 13, 'Bob': 6}
2025-01-28 16:50:53.802 | INFO     | __main__:process_message:89 - Processed JSON message: {'message': 'Kafka is awesome.', 'author': 'Alice'}
2025-01-28 16:50:53.802 | INFO     | __main__:process_message:95 - Message received from author: Alice
2025-01-28 16:50:53.802 | INFO     | __main__:process_message:101 - Updated author counts: {'Eve': 6, 'Alice': 12, 'Charlie': 6, 'Diana': 13, 'Bob': 6}
2025-01-28 16:50:53.804 | INFO     | __main__:process_message:89 - Processed JSON message: {'message': 'Kafka is awesome.', 'author': 'Diana'}
2025-01-28 16:50:53.804 | INFO     | __main__:process_message:95 - Message received from author: Diana
2025-01-28 16:50:53.805 | INFO     | __main__:process_message:101 - Updated author counts: {'Eve': 6, 'Alice': 12, 'Charlie': 6, 'Diana': 14, 'Bob': 6}
2025-01-28 16:50:53.806 | INFO     | __main__:process_message:89 - Processed JSON message: {'message': 'Kafka is awesome.', 'author': 'Alice'}
2025-01-28 16:50:53.807 | INFO     | __main__:process_message:95 - Message received from author: Alice
2025-01-28 16:50:53.807 | INFO     | __main__:process_message:101 - Updated author counts: {'Eve': 6, 'Alice': 13, 'Charlie': 6, 'Diana': 14, 'Bob': 6}
2025-01-28 16:50:53.809 | INFO     | __main__:process_message:89 - Processed JSON message: {'message': 'JSON makes life easier.', 'author': 'Bob'}
2025-01-28 16:50:53.809 | INFO     | __main__:process_message:95 - Message received from author: Bob
2025-01-28 16:50:53.809 | INFO     | __main__:process_message:101 - Updated author counts: {'Eve': 6, 'Alice': 13, 'Charlie': 6, 'Diana': 14, 'Bob': 7}
2025-01-28 16:50:53.812 | INFO     | __main__:process_message:89 - Processed JSON message: {'message': 'This is a buzz message.', 'author': 'Bob'}
2025-01-28 16:50:53.813 | INFO     | __main__:process_message:95 - Message received from author: Bob
2025-01-28 16:50:53.813 | INFO     | __main__:process_message:101 - Updated author counts: {'Eve': 6, 'Alice': 13, 'Charlie': 6, 'Diana': 14, 'Bob': 8}
2025-01-28 16:50:53.815 | INFO     | __main__:process_message:89 - Processed JSON message: {'message': 'Streaming data is fun.', 'author': 'Diana'}
2025-01-28 16:50:53.815 | INFO     | __main__:process_message:95 - Message received from author: Diana
2025-01-28 16:50:53.815 | INFO     | __main__:process_message:101 - Updated author counts: {'Eve': 6, 'Alice': 13, 'Charlie': 6, 'Diana': 15, 'Bob': 8}
2025-01-28 16:50:53.817 | INFO     | __main__:process_message:89 - Processed JSON message: {'message': 'Have a great day!', 'author': 'Bob'}
2025-01-28 16:50:53.817 | INFO     | __main__:process_message:95 - Message received from author: Bob
2025-01-28 16:50:53.818 | INFO     | __main__:process_message:101 - Updated author counts: {'Eve': 6, 'Alice': 13, 'Charlie': 6, 'Diana': 15, 'Bob': 9}
2025-01-28 16:50:53.819 | INFO     | __main__:process_message:89 - Processed JSON message: {'message': 'This is a buzz message.', 'author': 'Eve'}
2025-01-28 16:50:53.820 | INFO     | __main__:process_message:95 - Message received from author: Eve
2025-01-28 16:50:53.820 | INFO     | __main__:process_message:101 - Updated author counts: {'Eve': 7, 'Alice': 13, 'Charlie': 6, 'Diana': 15, 'Bob': 9}
2025-01-28 16:50:53.822 | INFO     | __main__:process_message:89 - Processed JSON message: {'message': 'Hello, Kafka world!', 'author': 'Bob'}
2025-01-28 16:50:53.823 | INFO     | __main__:process_message:95 - Message received from author: Bob
2025-01-28 16:50:53.823 | INFO     | __main__:process_message:101 - Updated author counts: {'Eve': 7, 'Alice': 13, 'Charlie': 6, 'Diana': 15, 'Bob': 10}
2025-01-28 16:50:53.825 | INFO     | __main__:process_message:89 - Processed JSON message: {'message': 'This is a buzz message.', 'author': 'Alice'}
2025-01-28 16:50:53.825 | INFO     | __main__:process_message:95 - Message received from author: Alice
2025-01-28 16:50:53.826 | INFO     | __main__:process_message:101 - Updated author counts: {'Eve': 7, 'Alice': 14, 'Charlie': 6, 'Diana': 15, 'Bob': 10}
2025-01-28 16:50:53.827 | INFO     | __main__:process_message:89 - Processed JSON message: {'message': 'Streaming data is fun.', 'author': 'Eve'}
2025-01-28 16:50:53.827 | INFO     | __main__:process_message:95 - Message received from author: Eve
2025-01-28 16:50:53.828 | INFO     | __main__:process_message:101 - Updated author counts: {'Eve': 8, 'Alice': 14, 'Charlie': 6, 'Diana': 15, 'Bob': 10}
2025-01-28 16:50:53.831 | INFO     | __main__:process_message:89 - Processed JSON message: {'message': 'Kafka is awesome.', 'author': 'Alice'}
2025-01-28 16:50:53.831 | INFO     | __main__:process_message:95 - Message received from author: Alice
2025-01-28 16:50:53.832 | INFO     | __main__:process_message:101 - Updated author counts: {'Eve': 8, 'Alice': 15, 'Charlie': 6, 'Diana': 15, 'Bob': 10}
2025-01-28 16:50:53.833 | INFO     | __main__:process_message:89 - Processed JSON message: {'message': 'JSON makes life easier.', 'author': 'Bob'}
2025-01-28 16:50:53.834 | INFO     | __main__:process_message:95 - Message received from author: Bob
2025-01-28 16:50:53.834 | INFO     | __main__:process_message:101 - Updated author counts: {'Eve': 8, 'Alice': 15, 'Charlie': 6, 'Diana': 15, 'Bob': 11}
2025-01-28 16:50:54.587 | INFO     | __main__:main:170 - Sent message to topic 'buzzline_json': {'message': 'This is a buzz message.', 'author': 'Charlie'}
2025-01-28 16:50:54.603 | INFO     | __main__:process_message:89 - Processed JSON message: {'message': 'This is a buzz message.', 'author': 'Charlie'}
2025-01-28 16:50:54.605 | INFO     | __main__:process_message:95 - Message received from author: Charlie
2025-01-28 16:50:54.607 | INFO     | __main__:process_message:101 - Updated author counts: {'Eve': 8, 'Alice': 15, 'Charlie': 7, 'Diana': 15, 'Bob': 11}
2025-01-28 16:50:55.591 | INFO     | __main__:main:170 - Sent message to topic 'buzzline_json': {'message': 'Have a great day!', 'author': 'Diana'}
2025-01-28 16:50:55.598 | INFO     | __main__:process_message:89 - Processed JSON message: {'message': 'Have a great day!', 'author': 'Diana'}
2025-01-28 16:50:55.598 | INFO     | __main__:process_message:95 - Message received from author: Diana
2025-01-28 16:50:55.599 | INFO     | __main__:process_message:101 - Updated author counts: {'Eve': 8, 'Alice': 15, 'Charlie': 7, 'Diana': 16, 'Bob': 11}
2025-01-28 16:50:56.595 | INFO     | __main__:main:170 - Sent message to topic 'buzzline_json': {'message': 'Distributed systems are fascinating.', 'author': 'Bob'}
2025-01-28 16:50:56.601 | INFO     | __main__:process_message:89 - Processed JSON message: {'message': 'Distributed systems are fascinating.', 'author': 'Bob'}
2025-01-28 16:50:56.602 | INFO     | __main__:process_message:95 - Message received from author: Bob
2025-01-28 16:50:56.603 | INFO     | __main__:process_message:101 - Updated author counts: {'Eve': 8, 'Alice': 15, 'Charlie': 7, 'Diana': 16, 'Bob': 12}
2025-01-28 16:50:57.598 | INFO     | __main__:main:170 - Sent message to topic 'buzzline_json': {'message': 'Kafka is awesome.', 'author': 'Alice'}
2025-01-28 16:50:57.605 | INFO     | __main__:process_message:89 - Processed JSON message: {'message': 'Kafka is awesome.', 'author': 'Alice'}
2025-01-28 16:50:57.606 | INFO     | __main__:process_message:95 - Message received from author: Alice
2025-01-28 16:50:57.607 | INFO     | __main__:process_message:101 - Updated author counts: {'Eve': 8, 'Alice': 16, 'Charlie': 7, 'Diana': 16, 'Bob': 12}
2025-01-28 16:50:58.601 | INFO     | __main__:main:170 - Sent message to topic 'buzzline_json': {'message': 'Streaming data is fun.', 'author': 'Alice'}
2025-01-28 16:50:58.610 | INFO     | __main__:process_message:89 - Processed JSON message: {'message': 'Streaming data is fun.', 'author': 'Alice'}
2025-01-28 16:50:58.612 | INFO     | __main__:process_message:95 - Message received from author: Alice
2025-01-28 16:50:58.614 | INFO     | __main__:process_message:101 - Updated author counts: {'Eve': 8, 'Alice': 17, 'Charlie': 7, 'Diana': 16, 'Bob': 12}
2025-01-28 16:50:59.608 | INFO     | __main__:main:170 - Sent message to topic 'buzzline_json': {'message': 'Have a great day!', 'author': 'Diana'}
2025-01-28 16:50:59.623 | INFO     | __main__:process_message:89 - Processed JSON message: {'message': 'Have a great day!', 'author': 'Diana'}
2025-01-28 16:50:59.626 | INFO     | __main__:process_message:95 - Message received from author: Diana
2025-01-28 16:50:59.628 | INFO     | __main__:process_message:101 - Updated author counts: {'Eve': 8, 'Alice': 17, 'Charlie': 7, 'Diana': 17, 'Bob': 12}
2025-01-28 16:51:00.614 | INFO     | __main__:main:170 - Sent message to topic 'buzzline_json': {'message': 'Streaming data is fun.', 'author': 'Alice'}
2025-01-28 16:51:00.628 | INFO     | __main__:process_message:89 - Processed JSON message: {'message': 'Streaming data is fun.', 'author': 'Alice'}
2025-01-28 16:51:00.630 | INFO     | __main__:process_message:95 - Message received from author: Alice
2025-01-28 16:51:00.632 | INFO     | __main__:process_message:101 - Updated author counts: {'Eve': 8, 'Alice': 18, 'Charlie': 7, 'Diana': 17, 'Bob': 12}
2025-01-28 16:51:01.618 | INFO     | __main__:main:170 - Sent message to topic 'buzzline_json': {'message': 'This is a buzz message.', 'author': 'Diana'}
2025-01-28 16:51:01.627 | INFO     | __main__:process_message:89 - Processed JSON message: {'message': 'This is a buzz message.', 'author': 'Diana'}
2025-01-28 16:51:01.628 | INFO     | __main__:process_message:95 - Message received from author: Diana
2025-01-28 16:51:01.629 | INFO     | __main__:process_message:101 - Updated author counts: {'Eve': 8, 'Alice': 18, 'Charlie': 7, 'Diana': 18, 'Bob': 12}
2025-01-28 16:51:02.621 | INFO     | __main__:main:170 - Sent message to topic 'buzzline_json': {'message': 'Data engineering is my passion.', 'author': 'Bob'}
2025-01-28 16:51:02.626 | INFO     | __main__:process_message:89 - Processed JSON message: {'message': 'Data engineering is my passion.', 'author': 'Bob'}
2025-01-28 16:51:02.627 | INFO     | __main__:process_message:95 - Message received from author: Bob
2025-01-28 16:51:02.628 | INFO     | __main__:process_message:101 - Updated author counts: {'Eve': 8, 'Alice': 18, 'Charlie': 7, 'Diana': 18, 'Bob': 13}
2025-01-28 16:51:03.626 | INFO     | __main__:main:170 - Sent message to topic 'buzzline_json': {'message': 'Have a great day!', 'author': 'Diana'}
2025-01-28 16:51:03.640 | INFO     | __main__:process_message:89 - Processed JSON message: {'message': 'Have a great day!', 'author': 'Diana'}
2025-01-28 16:51:03.643 | INFO     | __main__:process_message:95 - Message received from author: Diana
2025-01-28 16:51:03.645 | INFO     | __main__:process_message:101 - Updated author counts: {'Eve': 8, 'Alice': 18, 'Charlie': 7, 'Diana': 19, 'Bob': 13}
2025-01-28 16:51:04.630 | INFO     | __main__:main:170 - Sent message to topic 'buzzline_json': {'message': 'Kafka is awesome.', 'author': 'Alice'}
2025-01-28 16:51:04.639 | INFO     | __main__:process_message:89 - Processed JSON message: {'message': 'Kafka is awesome.', 'author': 'Alice'}
2025-01-28 16:51:04.640 | INFO     | __main__:process_message:95 - Message received from author: Alice
2025-01-28 16:51:04.641 | INFO     | __main__:process_message:101 - Updated author counts: {'Eve': 8, 'Alice': 19, 'Charlie': 7, 'Diana': 19, 'Bob': 13}
2025-01-28 16:51:05.635 | INFO     | __main__:main:170 - Sent message to topic 'buzzline_json': {'message': 'Kafka is awesome.', 'author': 'Eve'}
2025-01-28 16:51:05.648 | INFO     | __main__:process_message:89 - Processed JSON message: {'message': 'Kafka is awesome.', 'author': 'Eve'}
2025-01-28 16:51:05.649 | INFO     | __main__:process_message:95 - Message received from author: Eve
2025-01-28 16:51:05.651 | INFO     | __main__:process_message:101 - Updated author counts: {'Eve': 9, 'Alice': 19, 'Charlie': 7, 'Diana': 19, 'Bob': 13}
2025-01-28 16:51:06.640 | INFO     | __main__:main:170 - Sent message to topic 'buzzline_json': {'message': 'Have a great day!', 'author': 'Diana'}
2025-01-28 16:51:06.645 | INFO     | __main__:process_message:89 - Processed JSON message: {'message': 'Have a great day!', 'author': 'Diana'}
2025-01-28 16:51:06.646 | INFO     | __main__:process_message:95 - Message received from author: Diana
2025-01-28 16:51:06.647 | INFO     | __main__:process_message:101 - Updated author counts: {'Eve': 9, 'Alice': 19, 'Charlie': 7, 'Diana': 20, 'Bob': 13}
2025-01-28 16:51:07.642 | INFO     | __main__:main:170 - Sent message to topic 'buzzline_json': {'message': 'Buzz messages for everyone.', 'author': 'Charlie'}
2025-01-28 16:51:07.649 | INFO     | __main__:process_message:89 - Processed JSON message: {'message': 'Buzz messages for everyone.', 'author': 'Charlie'}
2025-01-28 16:51:07.650 | INFO     | __main__:process_message:95 - Message received from author: Charlie
2025-01-28 16:51:07.651 | INFO     | __main__:process_message:101 - Updated author counts: {'Eve': 9, 'Alice': 19, 'Charlie': 8, 'Diana': 20, 'Bob': 13}
2025-01-28 16:51:08.649 | INFO     | __main__:main:170 - Sent message to topic 'buzzline_json': {'message': 'This is a buzz message.', 'author': 'Charlie'}
2025-01-28 16:51:08.661 | INFO     | __main__:process_message:89 - Processed JSON message: {'message': 'This is a buzz message.', 'author': 'Charlie'}
2025-01-28 16:51:08.663 | INFO     | __main__:process_message:95 - Message received from author: Charlie
2025-01-28 16:51:08.664 | INFO     | __main__:process_message:101 - Updated author counts: {'Eve': 9, 'Alice': 19, 'Charlie': 9, 'Diana': 20, 'Bob': 13}
2025-01-28 16:51:09.652 | INFO     | __main__:main:170 - Sent message to topic 'buzzline_json': {'message': 'Streaming data is fun.', 'author': 'Alice'}
2025-01-28 16:51:09.661 | INFO     | __main__:process_message:89 - Processed JSON message: {'message': 'Streaming data is fun.', 'author': 'Alice'}
2025-01-28 16:51:09.662 | INFO     | __main__:process_message:95 - Message received from author: Alice
2025-01-28 16:51:09.663 | INFO     | __main__:process_message:101 - Updated author counts: {'Eve': 9, 'Alice': 20, 'Charlie': 9, 'Diana': 20, 'Bob': 13}
2025-01-28 16:51:10.657 | INFO     | __main__:main:170 - Sent message to topic 'buzzline_json': {'message': 'Hello, Kafka world!', 'author': 'Diana'}
2025-01-28 16:51:10.670 | INFO     | __main__:process_message:89 - Processed JSON message: {'message': 'Hello, Kafka world!', 'author': 'Diana'}
2025-01-28 16:51:10.672 | INFO     | __main__:process_message:95 - Message received from author: Diana
2025-01-28 16:51:10.674 | INFO     | __main__:process_message:101 - Updated author counts: {'Eve': 9, 'Alice': 20, 'Charlie': 9, 'Diana': 21, 'Bob': 13}
2025-01-28 16:51:11.662 | INFO     | __main__:main:170 - Sent message to topic 'buzzline_json': {'message': 'Kafka is awesome.', 'author': 'Bob'}
2025-01-28 16:51:11.670 | INFO     | __main__:process_message:89 - Processed JSON message: {'message': 'Kafka is awesome.', 'author': 'Bob'}
2025-01-28 16:51:11.672 | INFO     | __main__:process_message:95 - Message received from author: Bob
2025-01-28 16:51:11.673 | INFO     | __main__:process_message:101 - Updated author counts: {'Eve': 9, 'Alice': 20, 'Charlie': 9, 'Diana': 21, 'Bob': 14}
2025-01-28 16:51:12.667 | INFO     | __main__:main:170 - Sent message to topic 'buzzline_json': {'message': 'I love Python!', 'author': 'Eve'}
2025-01-28 16:51:12.680 | INFO     | __main__:process_message:89 - Processed JSON message: {'message': 'I love Python!', 'author': 'Eve'}
2025-01-28 16:51:12.682 | INFO     | __main__:process_message:95 - Message received from author: Eve
2025-01-28 16:51:12.683 | INFO     | __main__:process_message:101 - Updated author counts: {'Eve': 10, 'Alice': 20, 'Charlie': 9, 'Diana': 21, 'Bob': 14}
2025-01-28 16:51:13.672 | INFO     | __main__:main:170 - Sent message to topic 'buzzline_json': {'message': 'JSON makes life easier.', 'author': 'Charlie'}
2025-01-28 16:51:13.680 | INFO     | __main__:process_message:89 - Processed JSON message: {'message': 'JSON makes life easier.', 'author': 'Charlie'}
2025-01-28 16:51:13.682 | INFO     | __main__:process_message:95 - Message received from author: Charlie
2025-01-28 16:51:13.684 | INFO     | __main__:process_message:101 - Updated author counts: {'Eve': 10, 'Alice': 20, 'Charlie': 10, 'Diana': 21, 'Bob': 14}
2025-01-28 16:51:14.676 | INFO     | __main__:main:170 - Sent message to topic 'buzzline_json': {'message': 'I love Python!', 'author': 'Charlie'}
2025-01-28 16:51:14.691 | INFO     | __main__:process_message:89 - Processed JSON message: {'message': 'I love Python!', 'author': 'Charlie'}
2025-01-28 16:51:14.693 | INFO     | __main__:process_message:95 - Message received from author: Charlie
2025-01-28 16:51:14.695 | INFO     | __main__:process_message:101 - Updated author counts: {'Eve': 10, 'Alice': 20, 'Charlie': 11, 'Diana': 21, 'Bob': 14}
2025-01-28 16:51:15.681 | INFO     | __main__:main:170 - Sent message to topic 'buzzline_json': {'message': 'I love Python!', 'author': 'Charlie'}
2025-01-28 16:51:15.689 | INFO     | __main__:process_message:89 - Processed JSON message: {'message': 'I love Python!', 'author': 'Charlie'}
2025-01-28 16:51:15.691 | INFO     | __main__:process_message:95 - Message received from author: Charlie
2025-01-28 16:51:15.692 | INFO     | __main__:process_message:101 - Updated author counts: {'Eve': 10, 'Alice': 20, 'Charlie': 12, 'Diana': 21, 'Bob': 14}
2025-01-28 16:51:16.685 | INFO     | __main__:main:170 - Sent message to topic 'buzzline_json': {'message': 'I love Python!', 'author': 'Diana'}
2025-01-28 16:51:16.694 | INFO     | __main__:process_message:89 - Processed JSON message: {'message': 'I love Python!', 'author': 'Diana'}
2025-01-28 16:51:16.695 | INFO     | __main__:process_message:95 - Message received from author: Diana
2025-01-28 16:51:16.695 | INFO     | __main__:process_message:101 - Updated author counts: {'Eve': 10, 'Alice': 20, 'Charlie': 12, 'Diana': 22, 'Bob': 14}
2025-01-28 16:51:17.689 | INFO     | __main__:main:170 - Sent message to topic 'buzzline_json': {'message': 'Streaming data is fun.', 'author': 'Diana'}
2025-01-28 16:51:17.701 | INFO     | __main__:process_message:89 - Processed JSON message: {'message': 'Streaming data is fun.', 'author': 'Diana'}
2025-01-28 16:51:17.703 | INFO     | __main__:process_message:95 - Message received from author: Diana
2025-01-28 16:51:17.705 | INFO     | __main__:process_message:101 - Updated author counts: {'Eve': 10, 'Alice': 20, 'Charlie': 12, 'Diana': 23, 'Bob': 14}
2025-01-28 16:51:18.693 | INFO     | __main__:main:170 - Sent message to topic 'buzzline_json': {'message': 'Data engineering is my passion.', 'author': 'Eve'}
2025-01-28 16:51:18.706 | INFO     | __main__:process_message:89 - Processed JSON message: {'message': 'Data engineering is my passion.', 'author': 'Eve'}
2025-01-28 16:51:18.708 | INFO     | __main__:process_message:95 - Message received from author: Eve
2025-01-28 16:51:18.709 | INFO     | __main__:process_message:101 - Updated author counts: {'Eve': 11, 'Alice': 20, 'Charlie': 12, 'Diana': 23, 'Bob': 14}
2025-01-28 16:51:19.698 | INFO     | __main__:main:170 - Sent message to topic 'buzzline_json': {'message': 'Buzz messages for everyone.', 'author': 'Eve'}
2025-01-28 16:51:19.706 | INFO     | __main__:process_message:89 - Processed JSON message: {'message': 'Buzz messages for everyone.', 'author': 'Eve'}
2025-01-28 16:51:19.708 | INFO     | __main__:process_message:95 - Message received from author: Eve
2025-01-28 16:51:19.709 | INFO     | __main__:process_message:101 - Updated author counts: {'Eve': 12, 'Alice': 20, 'Charlie': 12, 'Diana': 23, 'Bob': 14}
2025-01-28 16:51:20.702 | INFO     | __main__:main:170 - Sent message to topic 'buzzline_json': {'message': 'JSON makes life easier.', 'author': 'Eve'}
2025-01-28 16:51:20.710 | INFO     | __main__:process_message:89 - Processed JSON message: {'message': 'JSON makes life easier.', 'author': 'Eve'}
2025-01-28 16:51:20.712 | INFO     | __main__:process_message:95 - Message received from author: Eve
2025-01-28 16:51:20.712 | INFO     | __main__:process_message:101 - Updated author counts: {'Eve': 13, 'Alice': 20, 'Charlie': 12, 'Diana': 23, 'Bob': 14}
2025-01-28 16:51:21.707 | INFO     | __main__:main:170 - Sent message to topic 'buzzline_json': {'message': 'Have a great day!', 'author': 'Alice'}
2025-01-28 16:51:21.718 | INFO     | __main__:process_message:89 - Processed JSON message: {'message': 'Have a great day!', 'author': 'Alice'}
2025-01-28 16:51:21.719 | INFO     | __main__:process_message:95 - Message received from author: Alice
2025-01-28 16:51:21.719 | INFO     | __main__:process_message:101 - Updated author counts: {'Eve': 13, 'Alice': 21, 'Charlie': 12, 'Diana': 23, 'Bob': 14}
2025-01-28 16:51:22.710 | INFO     | __main__:main:170 - Sent message to topic 'buzzline_json': {'message': 'I love Python!', 'author': 'Bob'}
2025-01-28 16:51:22.716 | INFO     | __main__:process_message:89 - Processed JSON message: {'message': 'I love Python!', 'author': 'Bob'}
2025-01-28 16:51:22.717 | INFO     | __main__:process_message:95 - Message received from author: Bob
2025-01-28 16:51:22.717 | INFO     | __main__:process_message:101 - Updated author counts: {'Eve': 13, 'Alice': 21, 'Charlie': 12, 'Diana': 23, 'Bob': 15}
2025-01-28 16:51:23.719 | INFO     | __main__:main:170 - Sent message to topic 'buzzline_json': {'message': 'I love Python!', 'author': 'Bob'}
2025-01-28 16:51:23.731 | INFO     | __main__:process_message:89 - Processed JSON message: {'message': 'I love Python!', 'author': 'Bob'}
2025-01-28 16:51:23.733 | INFO     | __main__:process_message:95 - Message received from author: Bob
2025-01-28 16:51:23.734 | INFO     | __main__:process_message:101 - Updated author counts: {'Eve': 13, 'Alice': 21, 'Charlie': 12, 'Diana': 23, 'Bob': 16}
2025-01-28 16:51:24.733 | INFO     | __main__:main:170 - Sent message to topic 'buzzline_json': {'message': 'This is a buzz message.', 'author': 'Eve'}
2025-01-28 16:51:24.743 | INFO     | __main__:process_message:89 - Processed JSON message: {'message': 'This is a buzz message.', 'author': 'Eve'}
2025-01-28 16:51:24.744 | INFO     | __main__:process_message:95 - Message received from author: Eve
2025-01-28 16:51:24.745 | INFO     | __main__:process_message:101 - Updated author counts: {'Eve': 14, 'Alice': 21, 'Charlie': 12, 'Diana': 23, 'Bob': 16}
2025-01-28 16:51:25.738 | INFO     | __main__:main:170 - Sent message to topic 'buzzline_json': {'message': 'This is a buzz message.', 'author': 'Alice'}
2025-01-28 16:51:25.747 | INFO     | __main__:process_message:89 - Processed JSON message: {'message': 'This is a buzz message.', 'author': 'Alice'}
2025-01-28 16:51:25.748 | INFO     | __main__:process_message:95 - Message received from author: Alice
2025-01-28 16:51:25.749 | INFO     | __main__:process_message:101 - Updated author counts: {'Eve': 14, 'Alice': 22, 'Charlie': 12, 'Diana': 23, 'Bob': 16}
2025-01-28 16:51:26.743 | INFO     | __main__:main:170 - Sent message to topic 'buzzline_json': {'message': 'Distributed systems are fascinating.', 'author': 'Diana'}
2025-01-28 16:51:26.748 | INFO     | __main__:process_message:89 - Processed JSON message: {'message': 'Distributed systems are fascinating.', 'author': 'Diana'}
2025-01-28 16:51:26.749 | INFO     | __main__:process_message:95 - Message received from author: Diana
2025-01-28 16:51:26.749 | INFO     | __main__:process_message:101 - Updated author counts: {'Eve': 14, 'Alice': 22, 'Charlie': 12, 'Diana': 24, 'Bob': 16}
2025-01-28 16:51:27.746 | INFO     | __main__:main:170 - Sent message to topic 'buzzline_json': {'message': 'Streaming data is fun.', 'author': 'Eve'}
2025-01-28 16:51:27.752 | INFO     | __main__:process_message:89 - Processed JSON message: {'message': 'Streaming data is fun.', 'author': 'Eve'}
2025-01-28 16:51:27.752 | INFO     | __main__:process_message:95 - Message received from author: Eve
2025-01-28 16:51:27.753 | INFO     | __main__:process_message:101 - Updated author counts: {'Eve': 15, 'Alice': 22, 'Charlie': 12, 'Diana': 24, 'Bob': 16}
2025-01-28 16:51:28.749 | INFO     | __main__:main:170 - Sent message to topic 'buzzline_json': {'message': 'Have a great day!', 'author': 'Charlie'}
2025-01-28 16:51:28.755 | INFO     | __main__:process_message:89 - Processed JSON message: {'message': 'Have a great day!', 'author': 'Charlie'}
2025-01-28 16:51:28.756 | INFO     | __main__:process_message:95 - Message received from author: Charlie
2025-01-28 16:51:28.757 | INFO     | __main__:process_message:101 - Updated author counts: {'Eve': 15, 'Alice': 22, 'Charlie': 13, 'Diana': 24, 'Bob': 16}
2025-01-28 16:51:29.761 | INFO     | __main__:main:170 - Sent message to topic 'buzzline_json': {'message': 'JSON makes life easier.', 'author': 'Eve'}
2025-01-28 16:51:29.773 | INFO     | __main__:process_message:89 - Processed JSON message: {'message': 'JSON makes life easier.', 'author': 'Eve'}
2025-01-28 16:51:29.775 | INFO     | __main__:process_message:95 - Message received from author: Eve
2025-01-28 16:51:29.776 | INFO     | __main__:process_message:101 - Updated author counts: {'Eve': 16, 'Alice': 22, 'Charlie': 13, 'Diana': 24, 'Bob': 16}
2025-01-28 16:51:30.765 | INFO     | __main__:main:170 - Sent message to topic 'buzzline_json': {'message': 'Buzz messages for everyone.', 'author': 'Diana'}
2025-01-28 16:51:30.774 | INFO     | __main__:process_message:89 - Processed JSON message: {'message': 'Buzz messages for everyone.', 'author': 'Diana'}
2025-01-28 16:51:30.775 | INFO     | __main__:process_message:95 - Message received from author: Diana
2025-01-28 16:51:30.776 | INFO     | __main__:process_message:101 - Updated author counts: {'Eve': 16, 'Alice': 22, 'Charlie': 13, 'Diana': 25, 'Bob': 16}
2025-01-28 16:51:31.769 | INFO     | __main__:main:170 - Sent message to topic 'buzzline_json': {'message': 'This is a buzz message.', 'author': 'Charlie'}
2025-01-28 16:51:31.781 | INFO     | __main__:process_message:89 - Processed JSON message: {'message': 'This is a buzz message.', 'author': 'Charlie'}
2025-01-28 16:51:31.782 | INFO     | __main__:process_message:95 - Message received from author: Charlie
2025-01-28 16:51:31.784 | INFO     | __main__:process_message:101 - Updated author counts: {'Eve': 16, 'Alice': 22, 'Charlie': 14, 'Diana': 25, 'Bob': 16}
2025-01-28 16:51:32.771 | INFO     | __main__:main:170 - Sent message to topic 'buzzline_json': {'message': 'Distributed systems are fascinating.', 'author': 'Charlie'}
2025-01-28 16:51:32.778 | INFO     | __main__:process_message:89 - Processed JSON message: {'message': 'Distributed systems are fascinating.', 'author': 'Charlie'}
2025-01-28 16:51:32.779 | INFO     | __main__:process_message:95 - Message received from author: Charlie
2025-01-28 16:51:32.780 | INFO     | __main__:process_message:101 - Updated author counts: {'Eve': 16, 'Alice': 22, 'Charlie': 15, 'Diana': 25, 'Bob': 16}
2025-01-28 16:51:33.776 | INFO     | __main__:main:170 - Sent message to topic 'buzzline_json': {'message': 'Buzz messages for everyone.', 'author': 'Bob'}
2025-01-28 16:51:33.782 | INFO     | __main__:process_message:89 - Processed JSON message: {'message': 'Buzz messages for everyone.', 'author': 'Bob'}
2025-01-28 16:51:33.783 | INFO     | __main__:process_message:95 - Message received from author: Bob
2025-01-28 16:51:33.783 | INFO     | __main__:process_message:101 - Updated author counts: {'Eve': 16, 'Alice': 22, 'Charlie': 15, 'Diana': 25, 'Bob': 17}
2025-01-28 16:51:34.779 | INFO     | __main__:main:170 - Sent message to topic 'buzzline_json': {'message': 'This is a buzz message.', 'author': 'Eve'}
2025-01-28 16:51:34.785 | INFO     | __main__:process_message:89 - Processed JSON message: {'message': 'This is a buzz message.', 'author': 'Eve'}
2025-01-28 16:51:34.786 | INFO     | __main__:process_message:95 - Message received from author: Eve
2025-01-28 16:51:34.786 | INFO     | __main__:process_message:101 - Updated author counts: {'Eve': 17, 'Alice': 22, 'Charlie': 15, 'Diana': 25, 'Bob': 17}
2025-01-28 16:51:35.782 | INFO     | __main__:main:170 - Sent message to topic 'buzzline_json': {'message': 'Data engineering is my passion.', 'author': 'Diana'}
2025-01-28 16:51:35.789 | INFO     | __main__:process_message:89 - Processed JSON message: {'message': 'Data engineering is my passion.', 'author': 'Diana'}
2025-01-28 16:51:35.791 | INFO     | __main__:process_message:95 - Message received from author: Diana
2025-01-28 16:51:35.792 | INFO     | __main__:process_message:101 - Updated author counts: {'Eve': 17, 'Alice': 22, 'Charlie': 15, 'Diana': 26, 'Bob': 17}
2025-01-28 16:51:36.786 | INFO     | __main__:main:170 - Sent message to topic 'buzzline_json': {'message': 'Data engineering is my passion.', 'author': 'Alice'}
2025-01-28 16:51:36.799 | INFO     | __main__:process_message:89 - Processed JSON message: {'message': 'Data engineering is my passion.', 'author': 'Alice'}
2025-01-28 16:51:36.801 | INFO     | __main__:process_message:95 - Message received from author: Alice
2025-01-28 16:51:36.801 | INFO     | __main__:process_message:101 - Updated author counts: {'Eve': 17, 'Alice': 23, 'Charlie': 15, 'Diana': 26, 'Bob': 17}
2025-01-28 16:51:37.790 | INFO     | __main__:main:170 - Sent message to topic 'buzzline_json': {'message': 'Buzz messages for everyone.', 'author': 'Diana'}
2025-01-28 16:51:37.803 | INFO     | __main__:process_message:89 - Processed JSON message: {'message': 'Buzz messages for everyone.', 'author': 'Diana'}
2025-01-28 16:51:37.804 | INFO     | __main__:process_message:95 - Message received from author: Diana
2025-01-28 16:51:37.805 | INFO     | __main__:process_message:101 - Updated author counts: {'Eve': 17, 'Alice': 23, 'Charlie': 15, 'Diana': 27, 'Bob': 17}
2025-01-28 16:51:38.794 | INFO     | __main__:main:170 - Sent message to topic 'buzzline_json': {'message': 'JSON makes life easier.', 'author': 'Alice'}
2025-01-28 16:51:38.807 | INFO     | __main__:process_message:89 - Processed JSON message: {'message': 'JSON makes life easier.', 'author': 'Alice'}
2025-01-28 16:51:38.809 | INFO     | __main__:process_message:95 - Message received from author: Alice
2025-01-28 16:51:38.811 | INFO     | __main__:process_message:101 - Updated author counts: {'Eve': 17, 'Alice': 24, 'Charlie': 15, 'Diana': 27, 'Bob': 17}
2025-01-28 16:51:39.797 | INFO     | __main__:generate_messages:95 - Opening data file in read mode: C:\Projects\buzzline-03-valjohnson\data\buzz.json
2025-01-28 16:51:39.798 | INFO     | __main__:generate_messages:97 - Reading data from file: C:\Projects\buzzline-03-valjohnson\data\buzz.json
2025-01-28 16:51:39.801 | INFO     | __main__:main:170 - Sent message to topic 'buzzline_json': {'message': 'Data engineering is my passion.', 'author': 'Eve'}
2025-01-28 16:51:39.809 | INFO     | __main__:process_message:89 - Processed JSON message: {'message': 'Data engineering is my passion.', 'author': 'Eve'}
2025-01-28 16:51:39.810 | INFO     | __main__:process_message:95 - Message received from author: Eve
2025-01-28 16:51:39.811 | INFO     | __main__:process_message:101 - Updated author counts: {'Eve': 18, 'Alice': 24, 'Charlie': 15, 'Diana': 27, 'Bob': 17}
2025-01-28 16:51:40.805 | INFO     | __main__:main:170 - Sent message to topic 'buzzline_json': {'message': 'Distributed systems are fascinating.', 'author': 'Alice'}
2025-01-28 16:51:40.812 | INFO     | __main__:process_message:89 - Processed JSON message: {'message': 'Distributed systems are fascinating.', 'author': 'Alice'}
2025-01-28 16:51:40.813 | INFO     | __main__:process_message:95 - Message received from author: Alice
2025-01-28 16:51:40.814 | INFO     | __main__:process_message:101 - Updated author counts: {'Eve': 18, 'Alice': 25, 'Charlie': 15, 'Diana': 27, 'Bob': 17}
2025-01-28 16:51:41.808 | INFO     | __main__:main:170 - Sent message to topic 'buzzline_json': {'message': 'Have a great day!', 'author': 'Charlie'}
2025-01-28 16:51:41.813 | INFO     | __main__:process_message:89 - Processed JSON message: {'message': 'Have a great day!', 'author': 'Charlie'}
2025-01-28 16:51:41.813 | INFO     | __main__:process_message:95 - Message received from author: Charlie
2025-01-28 16:51:41.813 | INFO     | __main__:process_message:101 - Updated author counts: {'Eve': 18, 'Alice': 25, 'Charlie': 16, 'Diana': 27, 'Bob': 17}
2025-01-28 16:51:42.811 | INFO     | __main__:main:170 - Sent message to topic 'buzzline_json': {'message': 'Data engineering is my passion.', 'author': 'Alice'}
2025-01-28 16:51:42.815 | INFO     | __main__:process_message:89 - Processed JSON message: {'message': 'Data engineering is my passion.', 'author': 'Alice'}
2025-01-28 16:51:42.816 | INFO     | __main__:process_message:95 - Message received from author: Alice
2025-01-28 16:51:42.817 | INFO     | __main__:process_message:101 - Updated author counts: {'Eve': 18, 'Alice': 26, 'Charlie': 16, 'Diana': 27, 'Bob': 17}
2025-01-28 16:51:43.813 | INFO     | __main__:main:170 - Sent message to topic 'buzzline_json': {'message': 'Distributed systems are fascinating.', 'author': 'Diana'}
2025-01-28 16:51:43.819 | INFO     | __main__:process_message:89 - Processed JSON message: {'message': 'Distributed systems are fascinating.', 'author': 'Diana'}
2025-01-28 16:51:43.820 | INFO     | __main__:process_message:95 - Message received from author: Diana
2025-01-28 16:51:43.820 | INFO     | __main__:process_message:101 - Updated author counts: {'Eve': 18, 'Alice': 26, 'Charlie': 16, 'Diana': 28, 'Bob': 17}
2025-01-28 16:51:44.816 | INFO     | __main__:main:170 - Sent message to topic 'buzzline_json': {'message': 'Buzz messages for everyone.', 'author': 'Alice'}
2025-01-28 16:51:44.824 | INFO     | __main__:process_message:89 - Processed JSON message: {'message': 'Buzz messages for everyone.', 'author': 'Alice'}
2025-01-28 16:51:44.826 | INFO     | __main__:process_message:95 - Message received from author: Alice
2025-01-28 16:51:44.827 | INFO     | __main__:process_message:101 - Updated author counts: {'Eve': 18, 'Alice': 27, 'Charlie': 16, 'Diana': 28, 'Bob': 17}
2025-01-28 16:51:45.819 | INFO     | __main__:main:170 - Sent message to topic 'buzzline_json': {'message': 'Hello, Kafka world!', 'author': 'Diana'}
2025-01-28 16:51:45.825 | INFO     | __main__:process_message:89 - Processed JSON message: {'message': 'Hello, Kafka world!', 'author': 'Diana'}
2025-01-28 16:51:45.826 | INFO     | __main__:process_message:95 - Message received from author: Diana
2025-01-28 16:51:45.827 | INFO     | __main__:process_message:101 - Updated author counts: {'Eve': 18, 'Alice': 27, 'Charlie': 16, 'Diana': 29, 'Bob': 17}
2025-01-28 16:51:46.823 | INFO     | __main__:main:170 - Sent message to topic 'buzzline_json': {'message': 'This is a buzz message.', 'author': 'Eve'}
2025-01-28 16:51:46.836 | INFO     | __main__:process_message:89 - Processed JSON message: {'message': 'This is a buzz message.', 'author': 'Eve'}
2025-01-28 16:51:46.838 | INFO     | __main__:process_message:95 - Message received from author: Eve
2025-01-28 16:51:46.840 | INFO     | __main__:process_message:101 - Updated author counts: {'Eve': 19, 'Alice': 27, 'Charlie': 16, 'Diana': 29, 'Bob': 17}
2025-01-28 16:51:47.828 | INFO     | __main__:main:170 - Sent message to topic 'buzzline_json': {'message': 'JSON makes life easier.', 'author': 'Eve'}
2025-01-28 16:51:47.835 | INFO     | __main__:process_message:89 - Processed JSON message: {'message': 'JSON makes life easier.', 'author': 'Eve'}
2025-01-28 16:51:47.836 | INFO     | __main__:process_message:95 - Message received from author: Eve
2025-01-28 16:51:47.836 | INFO     | __main__:process_message:101 - Updated author counts: {'Eve': 20, 'Alice': 27, 'Charlie': 16, 'Diana': 29, 'Bob': 17}
2025-01-28 16:51:48.832 | INFO     | __main__:main:170 - Sent message to topic 'buzzline_json': {'message': 'JSON makes life easier.', 'author': 'Alice'}
2025-01-28 16:51:48.842 | INFO     | __main__:process_message:89 - Processed JSON message: {'message': 'JSON makes life easier.', 'author': 'Alice'}
2025-01-28 16:51:48.843 | INFO     | __main__:process_message:95 - Message received from author: Alice
2025-01-28 16:51:48.844 | INFO     | __main__:process_message:101 - Updated author counts: {'Eve': 20, 'Alice': 28, 'Charlie': 16, 'Diana': 29, 'Bob': 17}
2025-01-28 16:51:49.837 | INFO     | __main__:main:170 - Sent message to topic 'buzzline_json': {'message': 'Data engineering is my passion.', 'author': 'Diana'}
2025-01-28 16:51:49.849 | INFO     | __main__:process_message:89 - Processed JSON message: {'message': 'Data engineering is my passion.', 'author': 'Diana'}
2025-01-28 16:51:49.851 | INFO     | __main__:process_message:95 - Message received from author: Diana
2025-01-28 16:51:49.851 | INFO     | __main__:process_message:101 - Updated author counts: {'Eve': 20, 'Alice': 28, 'Charlie': 16, 'Diana': 30, 'Bob': 17}
2025-01-28 16:51:50.843 | INFO     | __main__:main:170 - Sent message to topic 'buzzline_json': {'message': 'JSON makes life easier.', 'author': 'Diana'}
2025-01-28 16:51:50.851 | INFO     | __main__:process_message:89 - Processed JSON message: {'message': 'JSON makes life easier.', 'author': 'Diana'}
2025-01-28 16:51:50.851 | INFO     | __main__:process_message:95 - Message received from author: Diana
2025-01-28 16:51:50.852 | INFO     | __main__:process_message:101 - Updated author counts: {'Eve': 20, 'Alice': 28, 'Charlie': 16, 'Diana': 31, 'Bob': 17}
2025-01-28 16:51:51.850 | INFO     | __main__:main:170 - Sent message to topic 'buzzline_json': {'message': 'Kafka is awesome.', 'author': 'Charlie'}
2025-01-28 16:51:51.862 | INFO     | __main__:process_message:89 - Processed JSON message: {'message': 'Kafka is awesome.', 'author': 'Charlie'}
2025-01-28 16:51:51.863 | INFO     | __main__:process_message:95 - Message received from author: Charlie
2025-01-28 16:51:51.864 | INFO     | __main__:process_message:101 - Updated author counts: {'Eve': 20, 'Alice': 28, 'Charlie': 17, 'Diana': 31, 'Bob': 17}
2025-01-28 16:51:52.854 | INFO     | __main__:main:170 - Sent message to topic 'buzzline_json': {'message': 'JSON makes life easier.', 'author': 'Bob'}
2025-01-28 16:51:52.859 | INFO     | __main__:process_message:89 - Processed JSON message: {'message': 'JSON makes life easier.', 'author': 'Bob'}
2025-01-28 16:51:52.860 | INFO     | __main__:process_message:95 - Message received from author: Bob
2025-01-28 16:51:52.861 | INFO     | __main__:process_message:101 - Updated author counts: {'Eve': 20, 'Alice': 28, 'Charlie': 17, 'Diana': 31, 'Bob': 18}
2025-01-28 16:51:53.857 | INFO     | __main__:main:170 - Sent message to topic 'buzzline_json': {'message': 'I love Python!', 'author': 'Bob'}
2025-01-28 16:51:53.863 | INFO     | __main__:process_message:89 - Processed JSON message: {'message': 'I love Python!', 'author': 'Bob'}
2025-01-28 16:51:53.863 | INFO     | __main__:process_message:95 - Message received from author: Bob
2025-01-28 16:51:53.864 | INFO     | __main__:process_message:101 - Updated author counts: {'Eve': 20, 'Alice': 28, 'Charlie': 17, 'Diana': 31, 'Bob': 19}
2025-01-28 16:51:54.860 | INFO     | __main__:main:170 - Sent message to topic 'buzzline_json': {'message': 'This is a buzz message.', 'author': 'Eve'}
2025-01-28 16:51:54.866 | INFO     | __main__:process_message:89 - Processed JSON message: {'message': 'This is a buzz message.', 'author': 'Eve'}
2025-01-28 16:51:54.867 | INFO     | __main__:process_message:95 - Message received from author: Eve
2025-01-28 16:51:54.868 | INFO     | __main__:process_message:101 - Updated author counts: {'Eve': 21, 'Alice': 28, 'Charlie': 17, 'Diana': 31, 'Bob': 19}
2025-01-28 16:51:55.864 | INFO     | __main__:main:170 - Sent message to topic 'buzzline_json': {'message': 'I love Python!', 'author': 'Eve'}
2025-01-28 16:51:55.874 | INFO     | __main__:process_message:89 - Processed JSON message: {'message': 'I love Python!', 'author': 'Eve'}
2025-01-28 16:51:55.876 | INFO     | __main__:process_message:95 - Message received from author: Eve
2025-01-28 16:51:55.878 | INFO     | __main__:process_message:101 - Updated author counts: {'Eve': 22, 'Alice': 28, 'Charlie': 17, 'Diana': 31, 'Bob': 19}
2025-01-28 16:51:56.384 | WARNING  | __main__:main:142 - Consumer interrupted by user.
2025-01-28 16:51:56.404 | INFO     | __main__:main:147 - Kafka consumer for topic 'buzzline_json' closed.
2025-01-28 16:51:56.405 | INFO     | __main__:main:149 - END consumer for topic 'buzzline_json' and group 'buzz_group'.
2025-01-28 16:51:56.869 | INFO     | __main__:main:170 - Sent message to topic 'buzzline_json': {'message': 'Buzz messages for everyone.', 'author': 'Alice'}
2025-01-28 16:51:57.874 | INFO     | __main__:main:170 - Sent message to topic 'buzzline_json': {'message': 'This is a buzz message.', 'author': 'Alice'}
2025-01-28 16:51:58.878 | INFO     | __main__:main:170 - Sent message to topic 'buzzline_json': {'message': 'Data engineering is my passion.', 'author': 'Diana'}
2025-01-28 16:51:59.883 | INFO     | __main__:main:170 - Sent message to topic 'buzzline_json': {'message': 'I love Python!', 'author': 'Eve'}
2025-01-28 16:52:00.888 | INFO     | __main__:main:170 - Sent message to topic 'buzzline_json': {'message': 'JSON makes life easier.', 'author': 'Charlie'}
2025-01-28 16:52:01.272 | WARNING  | __main__:main:173 - Producer interrupted by user.
2025-01-28 16:52:01.274 | INFO     | __main__:main:178 - Kafka producer closed.
2025-01-28 16:52:01.274 | INFO     | __main__:main:180 - END producer.
